{"ts":"2025-10-08T10:04:43.255Z","action":"set_image_test","store":"choppies","productId":"p1","imageUrl":"/images/apple.svg"}
{"ts":"2025-10-08T10:05:22.101Z","action":"set_image_test","store":"choppies","productId":"p1","imageUrl":"/images/apple.svg"}
{"ts":"2025-10-08T10:13:47.706Z","action":"set_image","store":"upload_test_store","user":"unknown","productId":"p1","file":"/images/sample-image.svg"}
{"ts":"2025-10-08T10:14:01.319Z","action":"set_image","store":"upload_test_store","user":"unknown","productId":"p1","file":"/images/apple.svg"}
{"ts":"2025-10-08T10:14:01.337Z","action":"delete_image","store":"upload_test_store","user":"unknown","productId":"p1"}
{"ts":"2025-10-08T10:15:45.909Z","action":"set_image","store":"upload_test_store","user":"unknown","productId":"p1","file":"/images/mghu28yx-83v6.svg"}
{"ts":"2025-10-08T10:15:45.949Z","action":"set_image","store":"upload_test_store","user":"unknown","productId":"p1","file":"/images/apple.svg"}
{"ts":"2025-10-08T10:16:27.128Z","action":"set_image","store":"upload_e2e_store","user":"unknown","productId":"p1","file":"/images/mghu34rg-2r46.svg"}
{"ts":"2025-10-08T10:16:27.133Z","action":"set_image","store":"upload_int_store","user":"unknown","productId":"p1","file":"/images/apple.svg"}
{"ts":"2025-10-08T10:16:27.145Z","action":"delete_image","store":"upload_e2e_store","user":"unknown","productId":"p1"}
{"ts":"2025-10-08T10:17:30.176Z","action":"set_image","store":"upload_e2e_store","user":"unknown","productId":"p1","file":"/images/mghu4hf9-5am7.svg"}
{"ts":"2025-10-08T10:17:30.189Z","action":"delete_image","store":"upload_e2e_store","user":"unknown","productId":"p1"}
{"ts":"2025-10-08T10:17:30.221Z","action":"set_image","store":"upload_int_store","user":"unknown","productId":"p1","file":"/images/apple.svg"}
{"ts":"2025-10-08T10:17:30.246Z","action":"delete_image","store":"upload_int_store","user":"unknown","productId":"p1"}
{"ts":"2025-10-08T10:21:34.586Z","action":"set_image","store":"upload_e2e_store","user":"unknown","productId":"p1","file":"/images/mghu9pzx-57n6y7.svg"}
{"ts":"2025-10-08T10:21:34.598Z","action":"set_image","store":"upload_int_store","user":"unknown","productId":"p1","file":"/images/apple.svg"}
{"ts":"2025-10-08T10:21:34.603Z","action":"delete_image","store":"upload_e2e_store","user":"unknown","productId":"p1"}
{"ts":"2025-10-08T10:21:34.637Z","action":"delete_image","store":"upload_int_store","user":"unknown","productId":"p1"}
{"ts":"2025-10-08T16:03:49.428Z","action":"set_image","store":"upload_e2e_store","user":"admin","productId":"p1","file":"/images/mgi6husx-eb5jha.svg"}
{"ts":"2025-10-08T16:04:34.910Z","action":"set_image","store":"upload_e2e_store","user":"admin","productId":"p1","file":"/images/mgi6itwc-da7ovl.svg"}
{"ts":"2025-10-08T16:06:14.635Z","action":"set_image","store":"upload_e2e_store","user":"admin","productId":"p1","file":"/images/mgi6kyuc-654ss8.svg"}
{"ts":"2025-10-08T16:08:06.986Z","action":"set_image","store":"upload_e2e_store","user":"admin","productId":"p1","file":"/images/mgi6ndjb-f7fofz.svg"}
{"ts":"2025-10-08T16:09:14.695Z","action":"set_image","store":"upload_e2e_store","user":"admin","productId":"p1","file":"/images/mgi6ots0-10d0hu.svg"}
{"ts":"2025-10-08T16:09:14.717Z","action":"delete_image","store":"upload_e2e_store","user":"admin","productId":"p1"}
{"ts":"2025-10-08T16:10:07.961Z","action":"set_image","store":"upload_e2e_store","user":"admin","productId":"p1","file":"/images/mgi6pyvl-fx370l.svg"}
{"ts":"2025-10-08T16:10:07.984Z","action":"delete_image","store":"upload_e2e_store","user":"admin","productId":"p1"}
{"ts":"2025-10-08T16:10:07.986Z","action":"set_image","store":"upload_int_store","user":"admin","productId":"p1","file":"/images/apple.svg"}
{"ts":"2025-10-08T16:10:08.006Z","action":"delete_image","store":"upload_int_store","user":"admin","productId":"p1"}
{"ts":"2025-10-08T16:10:32.773Z","action":"set_image","store":"upload_int_store","user":"admin","productId":"p1","file":"/images/apple.svg"}
{"ts":"2025-10-08T16:10:32.801Z","action":"delete_image","store":"upload_int_store","user":"admin","productId":"p1"}
{"ts":"2025-10-08T16:10:32.884Z","action":"set_image","store":"upload_e2e_store","user":"admin","productId":"p1","file":"/images/mgi6qi3z-8ntsiq.svg"}
{"ts":"2025-10-08T16:10:32.904Z","action":"delete_image","store":"upload_e2e_store","user":"admin","productId":"p1"}
{"ts":"2025-10-08T16:16:56.044Z","action":"set_image","store":"upload_int_store","user":"admin","productId":"p1","file":"/images/apple.svg"}
{"ts":"2025-10-08T16:16:56.149Z","action":"delete_image","store":"upload_int_store","user":"admin","productId":"p1"}
{"ts":"2025-10-08T16:16:56.164Z","action":"set_image","store":"upload_e2e_store","user":"admin","productId":"p1","file":"/images/mgi6ypuk-ec0jw4.svg"}
{"ts":"2025-10-08T16:16:56.188Z","action":"delete_image","store":"upload_e2e_store","user":"admin","productId":"p1"}
{"ts":"2025-10-08T16:20:14.793Z","action":"set_image","store":"upload_int_store","user":"admin","productId":"p1","file":"/images/apple.svg"}
{"ts":"2025-10-08T16:20:14.857Z","action":"delete_image","store":"upload_int_store","user":"admin","productId":"p1"}
{"ts":"2025-10-08T16:20:14.895Z","action":"set_image","store":"upload_e2e_store","user":"admin","productId":"p1","file":"/images/mgi72z6y-2nr8ch.svg"}
{"ts":"2025-10-08T16:20:14.919Z","action":"delete_image","store":"upload_e2e_store","user":"admin","productId":"p1"}
{"ts":"2025-10-08T16:24:41.917Z","action":"set_image","store":"upload_int_store","user":"admin","productId":"p1","file":"/images/apple.svg"}
{"ts":"2025-10-08T16:24:41.970Z","action":"delete_image","store":"upload_int_store","user":"admin","productId":"p1"}
{"ts":"2025-10-08T16:24:41.999Z","action":"set_image","store":"upload_e2e_store","user":"admin","productId":"p1","file":"/images/aecd40c5-2ea5-41f2-abea-e6b495ad5d69.svg"}
{"ts":"2025-10-08T16:24:42.024Z","action":"delete_image","store":"upload_e2e_store","user":"admin","productId":"p1"}
{"ts":"2025-10-08T16:32:07.660Z","action":"set_image","store":"upload_e2e_store","user":"admin","productId":"p1","file":"/images/527d4e24-dfac-46e9-afd4-509bd49ae56b.svg"}
{"ts":"2025-10-08T16:32:07.686Z","action":"delete_image","store":"upload_e2e_store","user":"admin","productId":"p1"}
{"ts":"2025-10-08T16:32:07.704Z","action":"set_image","store":"upload_int_store","user":"admin","productId":"p1","file":"/images/apple.svg"}
{"ts":"2025-10-08T16:32:07.727Z","action":"delete_image","store":"upload_int_store","user":"admin","productId":"p1"}
{"ts":"2025-10-08T16:36:05.256Z","action":"set_image","store":"upload_int_store","user":"admin","productId":"p1","file":"/images/apple.svg"}
{"ts":"2025-10-08T16:36:05.291Z","action":"delete_image","store":"upload_int_store","user":"admin","productId":"p1"}
{"ts":"2025-10-08T16:36:05.336Z","action":"set_image","store":"upload_e2e_store","user":"admin","productId":"p1","file":"/images/da1a82a2-c8a3-4348-8257-154c90e5908a.svg"}
{"ts":"2025-10-08T16:36:05.353Z","action":"delete_image","store":"upload_e2e_store","user":"admin","productId":"p1"}
{"ts":"2025-10-08T16:38:33.402Z","action":"set_image","store":"upload_e2e_store","user":"admin","productId":"p1","file":"/images/f76a75d6-b32f-414c-9006-20b70c09efca.svg"}
{"ts":"2025-10-08T16:38:33.440Z","action":"delete_image","store":"upload_e2e_store","user":"admin","productId":"p1"}
{"ts":"2025-10-08T16:38:33.502Z","action":"set_image","store":"upload_int_store","user":"admin","productId":"p1","file":"/images/apple.svg"}
{"ts":"2025-10-08T16:38:33.518Z","action":"delete_image","store":"upload_int_store","user":"admin","productId":"p1"}
{"ts":"2025-10-08T16:51:28.159Z","action":"set_image","store":"upload_e2e_store","user":"admin","productId":"p1","file":"/images/ee54c8ea-a0e6-4f30-9928-361b60f3e18c.svg"}
{"ts":"2025-10-08T16:51:28.193Z","action":"delete_image","store":"upload_e2e_store","user":"admin","productId":"p1"}
{"ts":"2025-10-08T16:51:28.272Z","action":"set_image","store":"upload_int_store","user":"admin","productId":"p1","file":"/images/apple.svg"}
{"ts":"2025-10-08T16:51:28.287Z","action":"delete_image","store":"upload_int_store","user":"admin","productId":"p1"}
{"ts":"2025-10-08T17:13:10.487Z","action":"set_image","store":"upload_int_store","user":"admin","productId":"p1","file":"/images/apple.svg"}
{"ts":"2025-10-08T17:13:10.509Z","action":"delete_image","store":"upload_int_store","user":"admin","productId":"p1"}
{"ts":"2025-10-08T17:13:10.521Z","action":"set_image","store":"upload_e2e_store","user":"admin","productId":"p1","file":"/images/bfb10d4d-fc8a-496b-b684-809eedec8952.svg"}
{"ts":"2025-10-08T17:13:10.537Z","action":"delete_image","store":"upload_e2e_store","user":"admin","productId":"p1"}
{"ts":"2025-10-08T17:14:15.292Z","action":"set_image","store":"upload_e2e_store","user":"admin","productId":"p1","file":"/images/6b95e02a-a7c9-487c-89c8-e469f478f9c3.svg"}
{"ts":"2025-10-08T17:14:15.313Z","action":"delete_image","store":"upload_e2e_store","user":"admin","productId":"p1"}
{"ts":"2025-10-08T17:14:15.354Z","action":"set_image","store":"upload_int_store","user":"admin","productId":"p1","file":"/images/apple.svg"}
{"ts":"2025-10-08T17:14:15.370Z","action":"delete_image","store":"upload_int_store","user":"admin","productId":"p1"}
{"ts":"2025-10-08T17:15:39.656Z","action":"set_image","store":"upload_int_store","user":"admin","productId":"p1","file":"/images/apple.svg"}
{"ts":"2025-10-08T17:15:39.674Z","action":"delete_image","store":"upload_int_store","user":"admin","productId":"p1"}
{"ts":"2025-10-08T17:15:39.738Z","action":"set_image","store":"upload_e2e_store","user":"admin","productId":"p1","file":"/images/a857e9df-9b60-4c6b-be6b-4c7e4a58d748.svg"}
{"ts":"2025-10-08T17:15:39.754Z","action":"delete_image","store":"upload_e2e_store","user":"admin","productId":"p1"}
{"ts":"2025-10-08T17:22:08.064Z","action":"set_image","store":"upload_int_store","user":"admin","productId":"p1","file":"/images/apple.svg"}
{"ts":"2025-10-08T17:22:08.078Z","action":"delete_image","store":"upload_int_store","user":"admin","productId":"p1"}
{"ts":"2025-10-08T17:22:08.105Z","action":"set_image","store":"upload_e2e_store","user":"admin","productId":"p1","file":"/images/ebab0fbf-86ba-44eb-9c5e-804ec40dfa2a.svg"}
{"ts":"2025-10-08T17:22:08.119Z","action":"delete_image","store":"upload_e2e_store","user":"admin","productId":"p1"}
{"ts":"2025-10-09T07:06:33.436Z","action":"set_image","store":"upload_e2e_store","user":"admin","productId":"p1","file":"/images/8267842f-6143-4e0d-a0cc-e100c99c7a1f.svg"}
{"ts":"2025-10-09T07:06:33.446Z","action":"set_image","store":"upload_int_store","user":"admin","productId":"p1","file":"/images/apple.svg"}
{"ts":"2025-10-09T07:06:33.453Z","action":"delete_image","store":"upload_e2e_store","user":"admin","productId":"p1"}
{"ts":"2025-10-09T07:06:33.472Z","action":"delete_image","store":"upload_int_store","user":"admin","productId":"p1"}
{"ts":"2025-10-09T08:00:19.755Z","action":"set_image","store":"upload_int_store","user":"admin","productId":"p1","file":"/images/apple.svg"}
{"ts":"2025-10-09T08:00:19.769Z","action":"delete_image","store":"upload_int_store","user":"admin","productId":"p1"}
{"ts":"2025-10-09T08:00:19.820Z","action":"set_image","store":"upload_e2e_store","user":"admin","productId":"p1","file":"/images/74267acb-229b-47e7-a7d0-eee42fdaa2b4.svg"}
{"ts":"2025-10-09T08:00:19.832Z","action":"delete_image","store":"upload_e2e_store","user":"admin","productId":"p1"}
{"ts":"2025-10-09T08:03:57.505Z","action":"set_image","store":"upload_int_store","user":"admin","productId":"p1","file":"/images/apple.svg"}
{"ts":"2025-10-09T08:03:57.527Z","action":"delete_image","store":"upload_int_store","user":"admin","productId":"p1"}
{"ts":"2025-10-09T08:03:57.537Z","action":"set_image","store":"upload_e2e_store","user":"admin","productId":"p1","file":"/images/9dae9199-9d94-425d-b22d-d5694fff5715.svg"}
{"ts":"2025-10-09T08:03:57.553Z","action":"delete_image","store":"upload_e2e_store","user":"admin","productId":"p1"}
{"ts":"2025-10-09T08:09:47.040Z","action":"set_image","store":"upload_int_store","user":"admin","productId":"p1","file":"/images/apple.svg"}
{"ts":"2025-10-09T08:09:47.071Z","action":"delete_image","store":"upload_int_store","user":"admin","productId":"p1"}
{"ts":"2025-10-09T08:09:47.107Z","action":"set_image","store":"upload_e2e_store","user":"admin","productId":"p1","file":"/images/bf3bdfd5-304b-47af-aab2-04b8d7549f7d.svg"}
{"ts":"2025-10-09T08:09:47.146Z","action":"delete_image","store":"upload_e2e_store","user":"admin","productId":"p1"}
{"ts":"2025-10-09T08:13:26.415Z","action":"set_image","store":"upload_int_store","user":"admin","productId":"p1","file":"/images/apple.svg"}
{"ts":"2025-10-09T08:13:26.434Z","action":"delete_image","store":"upload_int_store","user":"admin","productId":"p1"}
{"ts":"2025-10-09T08:13:26.438Z","action":"set_image","store":"upload_e2e_store","user":"admin","productId":"p1","file":"/images/9c227a65-026b-4f5a-8352-423e9a782ae7.svg"}
{"ts":"2025-10-09T08:13:26.454Z","action":"delete_image","store":"upload_e2e_store","user":"admin","productId":"p1"}
{"ts":"2025-10-09T09:49:41.964Z","action":"set_image","store":"upload_int_store","user":"admin","productId":"p1","file":"/images/apple.svg"}
{"ts":"2025-10-09T09:49:41.999Z","action":"set_image","store":"upload_e2e_store","user":"admin","productId":"p1","file":"/images/091d76c5-704a-42f8-9d38-e9fa31df95bf.svg"}
{"ts":"2025-10-09T09:49:42.043Z","action":"delete_image","store":"upload_e2e_store","user":"admin","productId":"p1"}
{"ts":"2025-10-09T09:49:42.062Z","action":"delete_image","store":"upload_int_store","user":"admin","productId":"p1"}
{"ts":"2025-10-09T10:01:07.334Z","action":"set_image","store":"upload_int_store","user":"admin","productId":"p1","file":"/images/apple.svg"}
{"ts":"2025-10-09T10:01:07.346Z","action":"delete_image","store":"upload_int_store","user":"admin","productId":"p1"}
{"ts":"2025-10-09T10:01:07.390Z","action":"set_image","store":"upload_e2e_store","user":"admin","productId":"p1","file":"/images/b4a1b93f-e236-4f99-98b2-d68438748d2c.svg"}
{"ts":"2025-10-09T10:01:07.420Z","action":"delete_image","store":"upload_e2e_store","user":"admin","productId":"p1"}
{"ts":"2025-10-09T19:26:32.944Z","action":"set_image","store":"upload_int_store","user":"admin","productId":"p1","file":"/images/apple.svg"}
{"ts":"2025-10-09T19:26:32.955Z","action":"set_image","store":"upload_e2e_store","user":"admin","productId":"p1","file":"/images/e11597b8-14d9-4d5a-b5e6-8d626f40bba8.svg"}
{"ts":"2025-10-09T19:26:32.985Z","action":"delete_image","store":"upload_e2e_store","user":"admin","productId":"p1"}
{"ts":"2025-10-09T19:26:32.985Z","action":"delete_image","store":"upload_int_store","user":"admin","productId":"p1"}
{"ts":"2025-10-09T20:31:39.519Z","action":"set_image","store":"upload_int_store","user":"admin","productId":"p1","file":"/images/apple.svg"}
{"ts":"2025-10-09T20:31:39.555Z","action":"delete_image","store":"upload_int_store","user":"admin","productId":"p1"}
{"ts":"2025-10-09T20:31:39.591Z","action":"set_image","store":"upload_e2e_store","user":"admin","productId":"p1","file":"/images/bfedb2d8-75be-4f8d-9828-6c924bb12062.svg"}
{"ts":"2025-10-09T20:31:39.605Z","action":"delete_image","store":"upload_e2e_store","user":"admin","productId":"p1"}
{"ts":"2025-10-09T20:56:43.442Z","action":"set_image","store":"upload_int_store","user":"admin","productId":"p1","file":"/images/apple.svg"}
{"ts":"2025-10-09T20:56:43.449Z","action":"set_image","store":"upload_e2e_store","user":"admin","productId":"p1","file":"/images/0109e942-45c4-479d-8b07-f079ecce740a.svg"}
{"ts":"2025-10-09T20:56:43.464Z","action":"delete_image","store":"upload_int_store","user":"admin","productId":"p1"}
{"ts":"2025-10-09T20:56:43.482Z","action":"delete_image","store":"upload_e2e_store","user":"admin","productId":"p1"}
{"ts":"2025-10-09T20:59:17.723Z","action":"set_image","store":"upload_e2e_store","user":"admin","productId":"p1","file":"/images/054c92ff-0c2c-4826-a01f-e9851f097fd1.svg"}
{"ts":"2025-10-09T20:59:17.749Z","action":"delete_image","store":"upload_e2e_store","user":"admin","productId":"p1"}
{"ts":"2025-10-09T20:59:17.750Z","action":"set_image","store":"upload_int_store","user":"admin","productId":"p1","file":"/images/apple.svg"}
{"ts":"2025-10-09T20:59:17.775Z","action":"delete_image","store":"upload_int_store","user":"admin","productId":"p1"}
{"ts":"2025-10-10T05:27:06.029Z","action":"set_image","store":"upload_int_store","user":"admin","productId":"p1","file":"/images/apple.svg"}
{"ts":"2025-10-10T05:27:06.046Z","action":"delete_image","store":"upload_int_store","user":"admin","productId":"p1"}
{"ts":"2025-10-10T05:27:06.096Z","action":"set_image","store":"upload_e2e_store","user":"admin","productId":"p1","file":"/images/0ec7d378-ce48-49a9-851d-91ad9cc004b8.svg"}
{"ts":"2025-10-10T05:27:06.120Z","action":"delete_image","store":"upload_e2e_store","user":"admin","productId":"p1"}
{"ts":"2025-10-10T05:32:48.569Z","action":"set_image","store":"upload_int_store","user":"admin","productId":"p1","file":"/images/apple.svg"}
{"ts":"2025-10-10T05:32:48.595Z","action":"delete_image","store":"upload_int_store","user":"admin","productId":"p1"}
{"ts":"2025-10-10T05:32:48.633Z","action":"set_image","store":"upload_e2e_store","user":"admin","productId":"p1","file":"/images/4ea9e3b7-f045-46ff-bc59-500d9f9762b2.svg"}
{"ts":"2025-10-10T05:32:48.661Z","action":"delete_image","store":"upload_e2e_store","user":"admin","productId":"p1"}
{"ts":"2025-10-10T09:07:27.361Z","action":"set_image","store":"upload_e2e_store","user":"admin","productId":"p1","file":"/images/15e15bd3-756d-4ea1-b074-381c67596712.svg"}
{"ts":"2025-10-10T09:07:27.375Z","action":"delete_image","store":"upload_e2e_store","user":"admin","productId":"p1"}
{"ts":"2025-10-10T09:07:27.397Z","action":"set_image","store":"upload_int_store","user":"admin","productId":"p1","file":"/images/apple.svg"}
{"ts":"2025-10-10T09:07:27.426Z","action":"delete_image","store":"upload_int_store","user":"admin","productId":"p1"}
{"ts":"2025-10-11T14:39:27.940Z","action":"set_image","store":"upload_int_store","user":"admin","productId":"p1","file":"/images/apple.svg"}
{"ts":"2025-10-11T14:39:28.001Z","action":"delete_image","store":"upload_int_store","user":"admin","productId":"p1"}
{"ts":"2025-10-11T14:39:28.008Z","action":"set_image","store":"upload_e2e_store","user":"admin","productId":"p1","file":"/images/65ef644d-5aa3-4400-8464-15025bca9ff5.svg"}
{"ts":"2025-10-11T14:39:28.059Z","action":"delete_image","store":"upload_e2e_store","user":"admin","productId":"p1"}
{"ts":"2025-10-11T14:42:11.309Z","action":"set_image","store":"upload_e2e_store","user":"admin","productId":"p1","file":"/images/aba5fa18-12e1-41f9-aadd-b803908f892c.svg"}
{"ts":"2025-10-11T14:42:11.339Z","action":"delete_image","store":"upload_e2e_store","user":"admin","productId":"p1"}
{"ts":"2025-10-11T14:42:11.414Z","action":"set_image","store":"upload_int_store","user":"admin","productId":"p1","file":"/images/apple.svg"}
{"ts":"2025-10-11T14:42:11.427Z","action":"delete_image","store":"upload_int_store","user":"admin","productId":"p1"}
{"ts":"2025-10-11T16:11:26.734Z","action":"set_image","store":"upload_e2e_store","user":"admin","productId":"p1","file":"/images/91ed45e1-4589-45b8-81a2-ca9ba33c8f6e.svg"}
{"ts":"2025-10-11T16:11:26.797Z","action":"set_image","store":"upload_int_store","user":"admin","productId":"p1","file":"/images/apple.svg"}
{"ts":"2025-10-11T16:11:26.810Z","action":"delete_image","store":"upload_e2e_store","user":"admin","productId":"p1"}
{"ts":"2025-10-11T16:11:26.819Z","action":"delete_image","store":"upload_int_store","user":"admin","productId":"p1"}
{"ts":"2025-10-11T17:13:19.615Z","action":"set_image","store":"upload_int_store","user":"admin","productId":"p1","file":"/images/apple.svg"}
{"ts":"2025-10-11T17:13:19.665Z","action":"set_image","store":"upload_e2e_store","user":"admin","productId":"p1","file":"/images/ec9c7992-8e41-441c-a053-0a9e907caa2b.svg"}
{"ts":"2025-10-11T17:13:19.665Z","action":"delete_image","store":"upload_int_store","user":"admin","productId":"p1"}
{"ts":"2025-10-11T17:13:19.692Z","action":"delete_image","store":"upload_e2e_store","user":"admin","productId":"p1"}
{"ts":"2025-10-11T17:16:53.020Z","action":"set_image","store":"upload_int_store","user":"admin","productId":"p1","file":"/images/apple.svg"}
{"ts":"2025-10-11T17:16:53.057Z","action":"delete_image","store":"upload_int_store","user":"admin","productId":"p1"}
{"ts":"2025-10-11T17:16:53.123Z","action":"set_image","store":"upload_e2e_store","user":"admin","productId":"p1","file":"/images/85cdb96f-3a95-4924-8af3-82d717c24fca.svg"}
{"ts":"2025-10-11T17:16:53.147Z","action":"delete_image","store":"upload_e2e_store","user":"admin","productId":"p1"}
{"ts":"2025-10-11T17:19:53.034Z","action":"set_image","store":"upload_int_store","user":"admin","productId":"p1","file":"/images/apple.svg"}
{"ts":"2025-10-11T17:19:53.069Z","action":"delete_image","store":"upload_int_store","user":"admin","productId":"p1"}
{"ts":"2025-10-11T17:19:53.082Z","action":"set_image","store":"upload_e2e_store","user":"admin","productId":"p1","file":"/images/c4513a78-e57b-420f-99d8-7b3a7b52027e.svg"}
{"ts":"2025-10-11T17:19:53.100Z","action":"delete_image","store":"upload_e2e_store","user":"admin","productId":"p1"}
{"ts":"2025-10-11T18:07:35.936Z","action":"set_image","store":"upload_int_store","user":"admin","productId":"p1","file":"/images/apple.svg"}
{"ts":"2025-10-11T18:07:35.967Z","action":"delete_image","store":"upload_int_store","user":"admin","productId":"p1"}
{"ts":"2025-10-11T18:07:36.033Z","action":"set_image","store":"upload_e2e_store","user":"admin","productId":"p1","file":"/images/51b7437d-8227-43fc-9e57-43ff46c8fef6.svg"}
{"ts":"2025-10-11T18:07:36.047Z","action":"delete_image","store":"upload_e2e_store","user":"admin","productId":"p1"}
{"ts":"2025-10-13T05:24:17.933Z","action":"set_image","store":"upload_int_store","user":"admin","productId":"p1","file":"/images/apple.svg"}
{"ts":"2025-10-13T05:24:17.945Z","action":"set_image","store":"upload_e2e_store","user":"admin","productId":"p1","file":"/images/5a003add-1e93-42e1-b187-d05242bfb774.svg"}
{"ts":"2025-10-13T05:24:17.966Z","action":"delete_image","store":"upload_e2e_store","user":"admin","productId":"p1"}
{"ts":"2025-10-13T05:24:17.990Z","action":"delete_image","store":"upload_int_store","user":"admin","productId":"p1"}
{"ts":"2025-10-13T05:28:23.175Z","action":"set_image","store":"upload_e2e_store","user":"admin","productId":"p1","file":"/images/20c61455-b3ee-49f7-8760-3e2e4049273b.svg"}
{"ts":"2025-10-13T05:28:23.200Z","action":"delete_image","store":"upload_e2e_store","user":"admin","productId":"p1"}
{"ts":"2025-10-13T05:28:23.233Z","action":"set_image","store":"upload_int_store","user":"admin","productId":"p1","file":"/images/apple.svg"}
{"ts":"2025-10-13T05:28:23.248Z","action":"delete_image","store":"upload_int_store","user":"admin","productId":"p1"}
{"ts":"2025-10-13T05:47:44.497Z","action":"set_image","store":"upload_int_store","user":"admin","productId":"p1","file":"/images/apple.svg"}
{"ts":"2025-10-13T05:47:44.537Z","action":"delete_image","store":"upload_int_store","user":"admin","productId":"p1"}
{"ts":"2025-10-13T05:47:44.548Z","action":"set_image","store":"upload_e2e_store","user":"admin","productId":"p1","file":"/images/448d84e8-f887-4467-ad50-616f35f1d5d4.svg"}
{"ts":"2025-10-13T05:47:44.563Z","action":"delete_image","store":"upload_e2e_store","user":"admin","productId":"p1"}
{"ts":"2025-10-13T05:50:04.600Z","action":"set_image","store":"upload_int_store","user":"admin","productId":"p1","file":"/images/apple.svg"}
{"ts":"2025-10-13T05:50:04.601Z","action":"set_image","store":"upload_e2e_store","user":"admin","productId":"p1","file":"/images/a15b7aa7-c35c-48ce-9ce8-fd108b423ceb.svg"}
{"ts":"2025-10-13T05:50:04.628Z","action":"delete_image","store":"upload_int_store","user":"admin","productId":"p1"}
{"ts":"2025-10-13T05:50:04.679Z","action":"delete_image","store":"upload_e2e_store","user":"admin","productId":"p1"}
{"ts":"2025-10-13T05:52:55.114Z","action":"set_image","store":"upload_int_store","user":"admin","productId":"p1","file":"/images/apple.svg"}
{"ts":"2025-10-13T05:52:55.144Z","action":"delete_image","store":"upload_int_store","user":"admin","productId":"p1"}
{"ts":"2025-10-13T05:52:55.190Z","action":"set_image","store":"upload_e2e_store","user":"admin","productId":"p1","file":"/images/cfc2bf4b-f4d6-4c69-8c47-0664731e1430.svg"}
{"ts":"2025-10-13T05:52:55.212Z","action":"delete_image","store":"upload_e2e_store","user":"admin","productId":"p1"}
{"ts":"2025-10-13T05:54:05.099Z","action":"set_image","store":"upload_e2e_store","user":"admin","productId":"p1","file":"/images/2cc8612a-62bf-4d03-b308-c694e098fe50.svg"}
{"ts":"2025-10-13T05:54:05.115Z","action":"delete_image","store":"upload_e2e_store","user":"admin","productId":"p1"}
{"ts":"2025-10-13T05:54:05.148Z","action":"set_image","store":"upload_int_store","user":"admin","productId":"p1","file":"/images/apple.svg"}
{"ts":"2025-10-13T05:54:05.164Z","action":"delete_image","store":"upload_int_store","user":"admin","productId":"p1"}
{"ts":"2025-10-13T05:57:23.465Z","action":"set_image","store":"upload_int_store","user":"admin","productId":"p1","file":"/images/apple.svg"}
{"ts":"2025-10-13T05:57:23.528Z","action":"delete_image","store":"upload_int_store","user":"admin","productId":"p1"}
{"ts":"2025-10-13T05:57:23.606Z","action":"set_image","store":"upload_e2e_store","user":"admin","productId":"p1","file":"/images/1f5fcb25-cecf-4a11-ac11-f5f726bb0020.svg"}
{"ts":"2025-10-13T05:57:23.620Z","action":"delete_image","store":"upload_e2e_store","user":"admin","productId":"p1"}
{"ts":"2025-10-13T06:01:09.433Z","action":"set_image","store":"upload_int_store","user":"admin","productId":"p1","file":"/images/apple.svg"}
{"ts":"2025-10-13T06:01:09.443Z","action":"set_image","store":"upload_e2e_store","user":"admin","productId":"p1","file":"/images/c190a392-2774-4b45-b0d2-44b5dd45a511.svg"}
{"ts":"2025-10-13T06:01:09.452Z","action":"delete_image","store":"upload_int_store","user":"admin","productId":"p1"}
{"ts":"2025-10-13T06:01:09.472Z","action":"delete_image","store":"upload_e2e_store","user":"admin","productId":"p1"}
{"ts":"2025-10-13T06:08:20.848Z","action":"set_image","store":"upload_int_store","user":"admin","productId":"p1","file":"/images/apple.svg"}
{"ts":"2025-10-13T06:08:20.865Z","action":"set_image","store":"upload_e2e_store","user":"admin","productId":"p1","file":"/images/4664eefe-126b-4ee8-a73f-4bea9cc2049b.svg"}
{"ts":"2025-10-13T06:08:20.866Z","action":"delete_image","store":"upload_int_store","user":"admin","productId":"p1"}
{"ts":"2025-10-13T06:08:20.883Z","action":"delete_image","store":"upload_e2e_store","user":"admin","productId":"p1"}
{"ts":"2025-10-13T06:25:27.313Z","action":"set_image","store":"upload_int_store","user":"admin","productId":"p1","file":"/images/apple.svg"}
{"ts":"2025-10-13T06:25:27.434Z","action":"delete_image","store":"upload_int_store","user":"admin","productId":"p1"}
{"ts":"2025-10-13T06:25:27.514Z","action":"set_image","store":"upload_e2e_store","user":"admin","productId":"p1","file":"/images/eb33142f-0dae-4983-a76e-28103e8e83d3.svg"}
{"ts":"2025-10-13T06:25:27.549Z","action":"delete_image","store":"upload_e2e_store","user":"admin","productId":"p1"}
{"ts":"2025-10-13T06:27:27.634Z","action":"set_image","store":"upload_int_store","user":"admin","productId":"p1","file":"/images/apple.svg"}
{"ts":"2025-10-13T06:27:27.710Z","action":"delete_image","store":"upload_int_store","user":"admin","productId":"p1"}
{"ts":"2025-10-13T06:27:27.804Z","action":"set_image","store":"upload_e2e_store","user":"admin","productId":"p1","file":"/images/f0688ff5-8cb3-46b4-a63f-a90870f061de.svg"}
{"ts":"2025-10-13T06:27:27.832Z","action":"delete_image","store":"upload_e2e_store","user":"admin","productId":"p1"}
{"ts":"2025-10-13T06:35:09.724Z","action":"set_image","store":"upload_int_store","user":"admin","productId":"p1","file":"/images/apple.svg"}
{"ts":"2025-10-13T06:35:09.736Z","action":"set_image","store":"upload_e2e_store","user":"admin","productId":"p1","file":"/images/ed8c4d10-84df-49a4-a7da-a6e8c0db47ca.svg"}
{"ts":"2025-10-13T06:35:09.788Z","action":"delete_image","store":"upload_int_store","user":"admin","productId":"p1"}
{"ts":"2025-10-13T06:35:09.791Z","action":"delete_image","store":"upload_e2e_store","user":"admin","productId":"p1"}
{"ts":"2025-10-13T06:38:21.116Z","action":"set_image","store":"upload_int_store","user":"admin","productId":"p1","file":"/images/apple.svg"}
{"ts":"2025-10-13T06:38:21.264Z","action":"delete_image","store":"upload_int_store","user":"admin","productId":"p1"}
{"ts":"2025-10-13T06:38:21.401Z","action":"set_image","store":"upload_e2e_store","user":"admin","productId":"p1","file":"/images/594b0894-9659-4f0e-a733-57c5cb811e9a.svg"}
{"ts":"2025-10-13T06:38:21.438Z","action":"delete_image","store":"upload_e2e_store","user":"admin","productId":"p1"}
{"ts":"2025-10-13T06:38:28.688Z","action":"set_image","store":"upload_int_store","user":"admin","productId":"p1","file":"/images/apple.svg"}
{"ts":"2025-10-13T06:38:28.845Z","action":"delete_image","store":"upload_int_store","user":"admin","productId":"p1"}
{"ts":"2025-10-13T06:38:28.876Z","action":"set_image","store":"upload_e2e_store","user":"admin","productId":"p1","file":"/images/582b455f-95f4-4c95-a4e4-2da7a3771982.svg"}
{"ts":"2025-10-13T06:38:28.908Z","action":"delete_image","store":"upload_e2e_store","user":"admin","productId":"p1"}
{"ts":"2025-10-13T06:41:03.986Z","action":"set_image","store":"upload_int_store","user":"admin","productId":"p1","file":"/images/apple.svg"}
{"ts":"2025-10-13T06:41:04.035Z","action":"delete_image","store":"upload_int_store","user":"admin","productId":"p1"}
{"ts":"2025-10-13T06:41:04.257Z","action":"set_image","store":"upload_e2e_store","user":"admin","productId":"p1","file":"/images/ca832d31-f0ad-4f53-999d-ebaf5e94cf14.svg"}
{"ts":"2025-10-13T06:41:04.290Z","action":"delete_image","store":"upload_e2e_store","user":"admin","productId":"p1"}
{"ts":"2025-10-13T06:50:37.563Z","action":"set_image","store":"upload_int_store","user":"admin","productId":"p1","file":"/images/apple.svg"}
{"ts":"2025-10-13T06:50:37.592Z","action":"delete_image","store":"upload_int_store","user":"admin","productId":"p1"}
{"ts":"2025-10-13T06:50:37.645Z","action":"set_image","store":"upload_e2e_store","user":"admin","productId":"p1","file":"/images/2d4db9c4-ff42-4472-afa6-4f28ac9c6070.svg"}
{"ts":"2025-10-13T06:50:37.662Z","action":"delete_image","store":"upload_e2e_store","user":"admin","productId":"p1"}
{"ts":"2025-10-13T06:50:48.428Z","action":"set_image","store":"upload_e2e_store","user":"admin","productId":"p1","file":"/images/6da569d8-eb03-4109-9820-27241d7ace2f.svg"}
{"ts":"2025-10-13T06:50:48.452Z","action":"set_image","store":"upload_int_store","user":"admin","productId":"p1","file":"/images/apple.svg"}
{"ts":"2025-10-13T06:50:48.462Z","action":"delete_image","store":"upload_e2e_store","user":"admin","productId":"p1"}
{"ts":"2025-10-13T06:50:48.472Z","action":"delete_image","store":"upload_int_store","user":"admin","productId":"p1"}
{"ts":"2025-10-13T06:54:54.687Z","action":"set_image","store":"upload_e2e_store","user":"admin","productId":"p1","file":"/images/275b1878-28d4-4077-b179-fbe19d583644.svg"}
{"ts":"2025-10-13T06:54:54.713Z","action":"set_image","store":"upload_int_store","user":"admin","productId":"p1","file":"/images/apple.svg"}
{"ts":"2025-10-13T06:54:54.728Z","action":"delete_image","store":"upload_e2e_store","user":"admin","productId":"p1"}
{"ts":"2025-10-13T06:54:54.749Z","action":"delete_image","store":"upload_int_store","user":"admin","productId":"p1"}
{"ts":"2025-10-13T06:55:18.464Z","action":"set_image","store":"upload_int_store","user":"admin","productId":"p1","file":"/images/apple.svg"}
{"ts":"2025-10-13T06:55:18.472Z","action":"set_image","store":"upload_e2e_store","user":"admin","productId":"p1","file":"/images/b5e86c9c-bd50-43c6-80fa-b69f537ec910.svg"}
{"ts":"2025-10-13T06:55:18.483Z","action":"delete_image","store":"upload_int_store","user":"admin","productId":"p1"}
{"ts":"2025-10-13T06:55:18.499Z","action":"delete_image","store":"upload_e2e_store","user":"admin","productId":"p1"}
{"ts":"2025-10-13T06:59:54.818Z","action":"set_image","store":"upload_int_store","user":"admin","productId":"p1","file":"/images/apple.svg"}
{"ts":"2025-10-13T06:59:54.850Z","action":"delete_image","store":"upload_int_store","user":"admin","productId":"p1"}
{"ts":"2025-10-13T06:59:54.862Z","action":"set_image","store":"upload_e2e_store","user":"admin","productId":"p1","file":"/images/ad03ca1a-b4d8-45ca-8529-3ec2b06f8d6c.svg"}
{"ts":"2025-10-13T06:59:54.883Z","action":"delete_image","store":"upload_e2e_store","user":"admin","productId":"p1"}
{"ts":"2025-10-13T07:04:34.182Z","action":"set_brand","store":"branding_e2e_store","user":"admin","brand":{"brandColor":"#1a2b3c","logo":"/images/df7c041f-e336-42e1-8fda-63548168f29b.svg"}}
{"ts":"2025-10-13T07:04:34.261Z","action":"set_image","store":"upload_e2e_store","user":"admin","productId":"p1","file":"/images/1c1b95dd-d826-46dd-80b1-8e77fb340eb7.svg"}
{"ts":"2025-10-13T07:04:34.296Z","action":"set_image","store":"upload_int_store","user":"admin","productId":"p1","file":"/images/apple.svg"}
{"ts":"2025-10-13T07:04:34.340Z","action":"delete_image","store":"upload_int_store","user":"admin","productId":"p1"}
{"ts":"2025-10-13T07:04:34.396Z","action":"delete_image","store":"upload_e2e_store","user":"admin","productId":"p1"}
{"ts":"2025-10-13T07:13:17.663Z","action":"set_brand","store":"branding_e2e_store","user":"admin","brand":{"brandColor":"#1a2b3c","logo":"/images/bcaafe53-a3e6-49d4-9579-d92cb3fb86ac.svg"}}
{"ts":"2025-10-13T07:13:17.696Z","action":"set_image","store":"upload_int_store","user":"admin","productId":"p1","file":"/images/apple.svg"}
{"ts":"2025-10-13T07:13:17.700Z","action":"set_image","store":"upload_e2e_store","user":"admin","productId":"p1","file":"/images/a8ea1797-e20a-4436-b9c9-b26843a0bad6.svg"}
{"ts":"2025-10-13T07:13:17.716Z","action":"delete_image","store":"upload_e2e_store","user":"admin","productId":"p1"}
{"ts":"2025-10-13T07:13:17.733Z","action":"delete_image","store":"upload_int_store","user":"admin","productId":"p1"}
{"ts":"2025-10-13T07:16:13.782Z","action":"set_image","store":"upload_e2e_store","user":"admin","productId":"p1","file":"/images/2f01d8ad-95e3-4c58-8662-a88e955a422a.svg"}
{"ts":"2025-10-13T07:16:13.849Z","action":"delete_image","store":"upload_e2e_store","user":"admin","productId":"p1"}
{"ts":"2025-10-13T07:16:13.891Z","action":"set_image","store":"upload_int_store","user":"admin","productId":"p1","file":"/images/apple.svg"}
{"ts":"2025-10-13T07:16:13.898Z","action":"set_brand","store":"branding_e2e_store","user":"admin","brand":{"brandColor":"#1a2b3c","logo":"/images/a0eeb82b-ce0f-45ef-ac88-1c0aa1d38adb.svg"}}
{"ts":"2025-10-13T07:16:13.915Z","action":"delete_image","store":"upload_int_store","user":"admin","productId":"p1"}
{"ts":"2025-10-13T07:22:03.510Z","action":"set_image","store":"upload_int_store","user":"admin","productId":"p1","file":"/images/apple.svg"}
{"ts":"2025-10-13T07:22:03.530Z","action":"set_image","store":"upload_e2e_store","user":"admin","productId":"p1","file":"/images/c5110e88-cf7e-461f-9b8a-deb65bc2ed5c.svg"}
{"ts":"2025-10-13T07:22:03.531Z","action":"delete_image","store":"upload_int_store","user":"admin","productId":"p1"}
{"ts":"2025-10-13T07:22:03.548Z","action":"set_brand","store":"branding_e2e_store","user":"admin","brand":{"brandColor":"#1a2b3c","logo":"/images/9bb6c6f9-c8dc-44a2-92a5-3905cf3c5d51.svg"}}
{"ts":"2025-10-13T07:22:03.652Z","action":"delete_image","store":"upload_e2e_store","user":"admin","productId":"p1"}
{"ts":"2025-10-13T07:24:36.520Z","action":"set_image","store":"upload_e2e_store","user":"admin","productId":"p1","file":"/images/84f65f8b-77d3-42bc-a0b3-eb22620eb83d.svg"}
{"ts":"2025-10-13T07:24:36.558Z","action":"set_brand","store":"branding_e2e_store","user":"admin","brand":{"brandColor":"#1a2b3c","logo":"/images/a21066bc-8d95-4b67-96ab-ae1c08903f9b.svg"}}
{"ts":"2025-10-13T07:24:36.588Z","action":"set_image","store":"upload_int_store","user":"admin","productId":"p1","file":"/images/apple.svg"}
{"ts":"2025-10-13T07:24:36.633Z","action":"delete_image","store":"upload_int_store","user":"admin","productId":"p1"}
{"ts":"2025-10-13T07:24:36.684Z","action":"delete_image","store":"upload_e2e_store","user":"admin","productId":"p1"}
{"ts":"2025-10-13T07:40:02.671Z","action":"set_brand","store":"branding_e2e_store","user":"admin","brand":{"brandColor":"#1a2b3c","logo":"/images/44900165-3951-4960-93df-81a1cfd1c30a.svg"}}
{"ts":"2025-10-13T07:40:02.732Z","action":"set_image","store":"upload_e2e_store","user":"admin","productId":"p1","file":"/images/af38f6b3-4a4a-4a05-ab20-30a8948093c5.svg"}
{"ts":"2025-10-13T07:40:02.794Z","action":"delete_image","store":"upload_e2e_store","user":"admin","productId":"p1"}
{"ts":"2025-10-13T07:40:02.860Z","action":"set_image","store":"upload_int_store","user":"admin","productId":"p1","file":"/images/apple.svg"}
{"ts":"2025-10-13T07:40:02.873Z","action":"delete_image","store":"upload_int_store","user":"admin","productId":"p1"}
{"ts":"2025-10-13T07:44:44.641Z","action":"set_image","store":"upload_e2e_store","user":"admin","productId":"p1","file":"/images/7a48a10c-d086-47ca-b498-facd9f07eece.svg"}
{"ts":"2025-10-13T07:44:44.689Z","action":"delete_image","store":"upload_e2e_store","user":"admin","productId":"p1"}
{"ts":"2025-10-13T07:44:44.691Z","action":"set_brand","store":"branding_e2e_store","user":"admin","brand":{"brandColor":"#1a2b3c","logo":"/images/6e571bd9-9370-4e4f-8869-5200c26c4fc1.svg"}}
{"ts":"2025-10-13T07:44:44.737Z","action":"set_image","store":"upload_int_store","user":"admin","productId":"p1","file":"/images/apple.svg"}
{"ts":"2025-10-13T07:44:44.749Z","action":"delete_image","store":"upload_int_store","user":"admin","productId":"p1"}
{"ts":"2025-10-13T07:46:31.168Z","action":"set_brand","store":"branding_e2e_store","user":"admin","brand":{"brandColor":"#1a2b3c","logo":"/images/dc7973f4-0c2a-47d8-a9be-e34dace6c2ae.svg"}}
{"ts":"2025-10-13T07:46:31.194Z","action":"set_image","store":"upload_int_store","user":"admin","productId":"p1","file":"/images/apple.svg"}
{"ts":"2025-10-13T07:46:31.218Z","action":"delete_image","store":"upload_int_store","user":"admin","productId":"p1"}
{"ts":"2025-10-13T07:46:31.298Z","action":"set_image","store":"upload_e2e_store","user":"admin","productId":"p1","file":"/images/5b020543-4843-45b5-a2db-f769a683ddde.svg"}
{"ts":"2025-10-13T07:46:31.313Z","action":"delete_image","store":"upload_e2e_store","user":"admin","productId":"p1"}
{"ts":"2025-10-13T07:49:30.766Z","action":"set_image","store":"upload_e2e_store","user":"admin","productId":"p1","file":"/images/1a826be2-4c65-4efc-999c-4ba2b80c5feb.svg"}
{"ts":"2025-10-13T07:49:30.853Z","action":"set_brand","store":"branding_e2e_store","user":"admin","brand":{"brandColor":"#1a2b3c","logo":"/images/fa226866-764c-4f35-b8ef-d04a4955bd25.svg"}}
{"ts":"2025-10-13T07:49:30.860Z","action":"set_image","store":"upload_int_store","user":"admin","productId":"p1","file":"/images/apple.svg"}
{"ts":"2025-10-13T07:49:30.897Z","action":"delete_image","store":"upload_int_store","user":"admin","productId":"p1"}
{"ts":"2025-10-13T07:49:30.936Z","action":"delete_image","store":"upload_e2e_store","user":"admin","productId":"p1"}
{"ts":"2025-10-13T07:51:54.658Z","action":"set_image","store":"upload_int_store","user":"admin","productId":"p1","file":"/images/apple.svg"}
{"ts":"2025-10-13T07:51:54.736Z","action":"delete_image","store":"upload_int_store","user":"admin","productId":"p1"}
{"ts":"2025-10-13T07:51:54.799Z","action":"set_brand","store":"branding_e2e_store","user":"admin","brand":{"brandColor":"#1a2b3c","logo":"/images/a53ce798-80da-46da-bd88-e6ac6c5e9d35.svg"}}
{"ts":"2025-10-13T07:51:54.830Z","action":"set_image","store":"upload_e2e_store","user":"admin","productId":"p1","file":"/images/45977916-068a-4512-94cf-d56fbfaa7175.svg"}
{"ts":"2025-10-13T07:51:54.861Z","action":"delete_image","store":"upload_e2e_store","user":"admin","productId":"p1"}
{"ts":"2025-10-13T07:52:46.100Z","action":"set_image","store":"upload_int_store","user":"admin","productId":"p1","file":"/images/apple.svg"}
{"ts":"2025-10-13T07:52:46.108Z","action":"set_image","store":"upload_e2e_store","user":"admin","productId":"p1","file":"/images/1a6ce0cc-5eb3-4cbf-8c5a-3a8bea30f2dc.svg"}
{"ts":"2025-10-13T07:52:46.116Z","action":"delete_image","store":"upload_int_store","user":"admin","productId":"p1"}
{"ts":"2025-10-13T07:52:46.129Z","action":"delete_image","store":"upload_e2e_store","user":"admin","productId":"p1"}
{"ts":"2025-10-13T07:52:46.172Z","action":"set_brand","store":"branding_e2e_store","user":"admin","brand":{"brandColor":"#1a2b3c","logo":"/images/7056e9da-8e77-4f0a-880f-4ce5ae24e696.svg"}}
{"ts":"2025-10-13T07:53:59.039Z","action":"set_image","store":"upload_e2e_store","user":"admin","productId":"p1","file":"/images/e7671f3f-14c0-4e01-8000-c7bd56f0ade7.svg"}
{"ts":"2025-10-13T07:53:59.054Z","action":"set_brand","store":"branding_e2e_store","user":"admin","brand":{"brandColor":"#1a2b3c","logo":"/images/da1cf851-0ae3-4c49-8a5a-e7d059b74428.svg"}}
{"ts":"2025-10-13T07:53:59.056Z","action":"set_image","store":"upload_int_store","user":"admin","productId":"p1","file":"/images/apple.svg"}
{"ts":"2025-10-13T07:53:59.080Z","action":"delete_image","store":"upload_int_store","user":"admin","productId":"p1"}
{"ts":"2025-10-13T07:53:59.185Z","action":"delete_image","store":"upload_e2e_store","user":"admin","productId":"p1"}
{"ts":"2025-10-13T07:58:12.901Z","action":"set_image","store":"upload_e2e_store","user":"admin","productId":"p1","file":"/images/f9e6c690-8742-446b-a914-8bc668299295.svg"}
{"ts":"2025-10-13T07:58:12.953Z","action":"delete_image","store":"upload_e2e_store","user":"admin","productId":"p1"}
{"ts":"2025-10-13T07:58:13.005Z","action":"set_brand","store":"branding_e2e_store","user":"admin","brand":{"brandColor":"#1a2b3c","logo":"/images/ed24abb1-00fc-477b-8e09-0ced8015ed44.svg"}}
{"ts":"2025-10-13T07:58:13.013Z","action":"set_image","store":"upload_int_store","user":"admin","productId":"p1","file":"/images/apple.svg"}
{"ts":"2025-10-13T07:58:13.070Z","action":"delete_image","store":"upload_int_store","user":"admin","productId":"p1"}
{"ts":"2025-10-13T08:33:06.662Z","action":"set_image","store":"upload_e2e_store","user":"admin","productId":"p1","file":"/images/2e0656a7-8870-485e-8a08-4465fa8c1596.svg"}
{"ts":"2025-10-13T08:33:06.742Z","action":"delete_image","store":"upload_e2e_store","user":"admin","productId":"p1"}
{"ts":"2025-10-13T08:33:06.783Z","action":"set_image","store":"upload_int_store","user":"admin","productId":"p1","file":"/images/apple.svg"}
{"ts":"2025-10-13T08:33:06.818Z","action":"set_brand","store":"branding_e2e_store","user":"admin","brand":{"brandColor":"#1a2b3c","logo":"/images/ecbe4c46-e6dc-4d9c-bd5e-8f8a2a037c2e.svg"}}
{"ts":"2025-10-13T08:33:06.819Z","action":"delete_image","store":"upload_int_store","user":"admin","productId":"p1"}
{"ts":"2025-10-13T08:34:24.029Z","action":"set_image","store":"upload_int_store","user":"admin","productId":"p1","file":"/images/apple.svg"}
{"ts":"2025-10-13T08:34:24.043Z","action":"delete_image","store":"upload_int_store","user":"admin","productId":"p1"}
{"ts":"2025-10-13T08:34:24.064Z","action":"set_brand","store":"branding_e2e_store","user":"admin","brand":{"brandColor":"#1a2b3c","logo":"/images/eb9009e3-deec-4e27-a9dd-c505d2fbee5a.svg"}}
{"ts":"2025-10-13T08:34:24.074Z","action":"set_image","store":"upload_e2e_store","user":"admin","productId":"p1","file":"/images/2150ad83-982c-4856-9cdc-d084830ccfb0.svg"}
{"ts":"2025-10-13T08:34:24.098Z","action":"delete_image","store":"upload_e2e_store","user":"admin","productId":"p1"}
{"ts":"2025-10-13T08:36:34.643Z","action":"set_image","store":"upload_e2e_store","user":"admin","productId":"p1","file":"/images/244e7a8d-6763-419f-a59f-474c143e8d3b.svg"}
{"ts":"2025-10-13T08:36:34.645Z","action":"set_image","store":"upload_int_store","user":"admin","productId":"p1","file":"/images/apple.svg"}
{"ts":"2025-10-13T08:36:34.665Z","action":"delete_image","store":"upload_int_store","user":"admin","productId":"p1"}
{"ts":"2025-10-13T08:36:34.665Z","action":"delete_image","store":"upload_e2e_store","user":"admin","productId":"p1"}
{"ts":"2025-10-13T08:36:34.715Z","action":"set_brand","store":"branding_e2e_store","user":"admin","brand":{"brandColor":"#1a2b3c","logo":"/images/43de28c7-c175-4f88-869f-9abe15f03f24.svg"}}
{"ts":"2025-10-13T08:39:58.258Z","action":"set_brand","store":"branding_e2e_store","user":"admin","brand":{"brandColor":"#1a2b3c","logo":"/images/4c844556-4152-4c7c-8103-962618f54cf3.svg"}}
{"ts":"2025-10-13T08:39:58.372Z","action":"set_image","store":"upload_e2e_store","user":"admin","productId":"p1","file":"/images/a09d49bb-19d4-4d99-b993-0b38173699e1.svg"}
{"ts":"2025-10-13T08:39:58.438Z","action":"delete_image","store":"upload_e2e_store","user":"admin","productId":"p1"}
{"ts":"2025-10-13T08:39:58.506Z","action":"set_image","store":"upload_int_store","user":"admin","productId":"p1","file":"/images/apple.svg"}
{"ts":"2025-10-13T08:39:58.525Z","action":"delete_image","store":"upload_int_store","user":"admin","productId":"p1"}
{"ts":"2025-10-13T08:57:36.229Z","action":"set_image","store":"upload_e2e_store","user":"admin","productId":"p1","file":"/images/212b6563-cfb3-46fc-9441-682a018a1683.svg"}
{"ts":"2025-10-13T08:57:36.242Z","action":"set_image","store":"upload_int_store","user":"admin","productId":"p1","file":"/images/apple.svg"}
{"ts":"2025-10-13T08:57:36.257Z","action":"delete_image","store":"upload_e2e_store","user":"admin","productId":"p1"}
{"ts":"2025-10-13T08:57:36.283Z","action":"delete_image","store":"upload_int_store","user":"admin","productId":"p1"}
{"ts":"2025-10-13T08:57:36.326Z","action":"set_brand","store":"branding_e2e_store","user":"admin","brand":{"brandColor":"#1a2b3c","logo":"/images/73a03be3-3355-4977-9926-eff90c1c4958.svg"}}
{"ts":"2025-10-13T09:00:06.366Z","action":"set_image","store":"upload_int_store","user":"admin","productId":"p1","file":"/images/apple.svg"}
{"ts":"2025-10-13T09:00:06.378Z","action":"set_brand","store":"branding_e2e_store","user":"admin","brand":{"brandColor":"#1a2b3c","logo":"/images/fe6884e9-fca5-4102-942e-17ecfe0db1af.svg"}}
{"ts":"2025-10-13T09:00:06.480Z","action":"delete_image","store":"upload_int_store","user":"admin","productId":"p1"}
{"ts":"2025-10-13T09:00:06.569Z","action":"set_image","store":"upload_e2e_store","user":"admin","productId":"p1","file":"/images/9903dcd6-f6ab-400a-806f-2b3481a52878.svg"}
{"ts":"2025-10-13T09:00:06.583Z","action":"delete_image","store":"upload_e2e_store","user":"admin","productId":"p1"}
{"ts":"2025-10-13T09:03:32.092Z","action":"set_brand","store":"branding_e2e_store","user":"admin","brand":{"brandColor":"#1a2b3c","logo":"/images/f0ab4132-bd06-48ed-9483-6bd33f5b7936.svg","textColor":""}}
{"ts":"2025-10-13T09:03:32.133Z","action":"set_image","store":"upload_int_store","user":"admin","productId":"p1","file":"/images/apple.svg"}
{"ts":"2025-10-13T09:03:32.190Z","action":"delete_image","store":"upload_int_store","user":"admin","productId":"p1"}
{"ts":"2025-10-13T09:03:32.270Z","action":"set_image","store":"upload_e2e_store","user":"admin","productId":"p1","file":"/images/e64da08f-6eef-4d53-b3d4-c866ae62160b.svg"}
{"ts":"2025-10-13T09:03:32.283Z","action":"delete_image","store":"upload_e2e_store","user":"admin","productId":"p1"}
{"ts":"2025-10-13T09:06:58.309Z","action":"set_image","store":"upload_int_store","user":"admin","productId":"p1","file":"/images/apple.svg"}
{"ts":"2025-10-13T09:06:58.387Z","action":"set_brand","store":"branding_e2e_store","user":"admin","brand":{"brandColor":"#1a2b3c","logo":"/images/05ec0c6b-d20d-4ef0-bd18-f324071810a2.svg","textColor":""}}
{"ts":"2025-10-13T09:06:58.413Z","action":"set_image","store":"upload_e2e_store","user":"admin","productId":"p1","file":"/images/d4c119b9-e659-431b-ad3f-a4c75cfef629.svg"}
{"ts":"2025-10-13T09:06:58.430Z","action":"delete_image","store":"upload_e2e_store","user":"admin","productId":"p1"}
{"ts":"2025-10-13T09:06:58.506Z","action":"delete_image","store":"upload_int_store","user":"admin","productId":"p1"}
{"ts":"2025-10-13T09:09:44.549Z","action":"set_image","store":"upload_int_store","user":"admin","productId":"p1","file":"/images/apple.svg"}
{"ts":"2025-10-13T09:09:44.575Z","action":"delete_image","store":"upload_int_store","user":"admin","productId":"p1"}
{"ts":"2025-10-13T09:09:44.584Z","action":"set_image","store":"upload_e2e_store","user":"admin","productId":"p1","file":"/images/0d329784-4ed4-4d7a-b480-2665d0631c03.svg"}
{"ts":"2025-10-13T09:09:44.606Z","action":"delete_image","store":"upload_e2e_store","user":"admin","productId":"p1"}
{"ts":"2025-10-13T09:09:44.636Z","action":"set_brand","store":"branding_e2e_store","user":"admin","brand":{"brandColor":"#1a2b3c","logo":"/images/d8504117-fc60-4df0-a11b-549a95522aeb.svg","textColor":""}}
{"ts":"2025-10-13T09:13:35.365Z","action":"set_image","store":"upload_e2e_store","user":"admin","productId":"p1","file":"/images/b88fdab0-ce15-4432-be0b-bae57872fa7d.svg"}
{"ts":"2025-10-13T09:13:35.385Z","action":"set_brand","store":"branding_e2e_store","user":"admin","brand":{"brandColor":"#1a2b3c","logo":"/images/485d65e4-fc34-4c7c-b83c-c47d8e54623e.svg","textColor":""}}
{"ts":"2025-10-13T09:13:35.397Z","action":"set_image","store":"upload_int_store","user":"admin","productId":"p1","file":"/images/apple.svg"}
{"ts":"2025-10-13T09:13:35.404Z","action":"delete_image","store":"upload_e2e_store","user":"admin","productId":"p1"}
{"ts":"2025-10-13T09:13:35.520Z","action":"delete_image","store":"upload_int_store","user":"admin","productId":"p1"}
